# JRE version: Java(TM) SE Runtime Environment (8.0_31-b13) (build 1.8.0_31-b13)
# Java VM: Java HotSpot(TM) 64-Bit Server VM (25.31-b07 mixed mode bsd-amd64 compressed oops)
Heap:
 PSYoungGen      total 583168K, used 583091K [0x0000000795580000, 0x00000007c0000000, 0x00000007c0000000)
  eden space 512512K, 100% used [0x0000000795580000,0x00000007b4a00000,0x00000007b4a00000)
  from space 70656K, 99% used [0x00000007b4a00000,0x00000007b8eecd00,0x00000007b8f00000)
  to   space 98816K, 72% used [0x00000007b9f80000,0x00000007be5dacf8,0x00000007c0000000)
 ParOldGen       total 261632K, used 227664K [0x0000000740000000, 0x000000074ff80000, 0x0000000795580000)
  object space 261632K, 87% used [0x0000000740000000,0x000000074de54340,0x000000074ff80000)
 Metaspace       used 76815K, capacity 82284K, committed 82472K, reserved 1120256K
  class space    used 9800K, capacity 10706K, committed 10792K, reserved 1048576K
GC Heap History (10 events):
Event: 2320.720 GC heap after
Heap after GC invocations=45 (full 12):
 PSYoungGen      total 589312K, used 33856K [0x0000000795580000, 0x00000007bf300000, 0x00000007c0000000)
  eden space 497664K, 0% used [0x0000000795580000,0x0000000795580000,0x00000007b3b80000)
  from space 91648K, 36% used [0x00000007b3b80000,0x00000007b5c90390,0x00000007b9500000)
  to   space 86016K, 0% used [0x00000007b9f00000,0x00000007b9f00000,0x00000007bf300000)
 ParOldGen       total 261632K, used 66316K [0x0000000740000000, 0x000000074ff80000, 0x0000000795580000)
  object space 261632K, 25% used [0x0000000740000000,0x00000007440c3378,0x000000074ff80000)
 Metaspace       used 74028K, capacity 79246K, committed 80296K, reserved 1118208K
  class space    used 9490K, capacity 10336K, committed 10664K, reserved 1048576K
}
Event: 2349.742 GC heap before
{Heap before GC invocations=46 (full 12):
 PSYoungGen      total 589312K, used 531520K [0x0000000795580000, 0x00000007bf300000, 0x00000007c0000000)
  eden space 497664K, 100% used [0x0000000795580000,0x00000007b3b80000,0x00000007b3b80000)
  from space 91648K, 36% used [0x00000007b3b80000,0x00000007b5c90390,0x00000007b9500000)
  to   space 86016K, 0% used [0x00000007b9f00000,0x00000007b9f00000,0x00000007bf300000)
 ParOldGen       total 261632K, used 66316K [0x0000000740000000, 0x000000074ff80000, 0x0000000795580000)
  object space 261632K, 25% used [0x0000000740000000,0x00000007440c3378,0x000000074ff80000)
 Metaspace       used 75445K, capacity 80748K, committed 81064K, reserved 1120256K
  class space    used 9650K, capacity 10525K, committed 10664K, reserved 1048576K
Event: 2350.124 GC heap after
Heap after GC invocations=46 (full 12):
 PSYoungGen      total 595968K, used 58268K [0x0000000795580000, 0x00000007c0000000, 0x00000007c0000000)
  eden space 509952K, 0% used [0x0000000795580000,0x0000000795580000,0x00000007b4780000)
  from space 86016K, 67% used [0x00000007b9f00000,0x00000007bd7e7110,0x00000007bf300000)
  to   space 89600K, 0% used [0x00000007b4780000,0x00000007b4780000,0x00000007b9f00000)
 ParOldGen       total 261632K, used 68594K [0x0000000740000000, 0x000000074ff80000, 0x0000000795580000)
  object space 261632K, 26% used [0x0000000740000000,0x00000007442fcba8,0x000000074ff80000)
 Metaspace       used 75445K, capacity 80748K, committed 81064K, reserved 1120256K
  class space    used 9650K, capacity 10525K, committed 10664K, reserved 1048576K
}
Event: 2360.727 GC heap before
{Heap before GC invocations=47 (full 12):
 PSYoungGen      total 595968K, used 568220K [0x0000000795580000, 0x00000007c0000000, 0x00000007c0000000)
  eden space 509952K, 100% used [0x0000000795580000,0x00000007b4780000,0x00000007b4780000)
  from space 86016K, 67% used [0x00000007b9f00000,0x00000007bd7e7110,0x00000007bf300000)
  to   space 89600K, 0% used [0x00000007b4780000,0x00000007b4780000,0x00000007b9f00000)
 ParOldGen       total 261632K, used 68594K [0x0000000740000000, 0x000000074ff80000, 0x0000000795580000)
  object space 261632K, 26% used [0x0000000740000000,0x00000007442fcba8,0x000000074ff80000)
 Metaspace       used 76781K, capacity 82156K, committed 82472K, reserved 1120256K
  class space    used 9800K, capacity 10706K, committed 10792K, reserved 1048576K
Event: 2361.048 GC heap after
Heap after GC invocations=47 (full 12):
 PSYoungGen      total 599552K, used 52280K [0x0000000795580000, 0x00000007c0000000, 0x00000007c0000000)
  eden space 509952K, 0% used [0x0000000795580000,0x0000000795580000,0x00000007b4780000)
  from space 89600K, 58% used [0x00000007b4780000,0x00000007b7a8e050,0x00000007b9f00000)
  to   space 90112K, 0% used [0x00000007ba800000,0x00000007ba800000,0x00000007c0000000)
 ParOldGen       total 261632K, used 92044K [0x0000000740000000, 0x000000074ff80000, 0x0000000795580000)
  object space 261632K, 35% used [0x0000000740000000,0x00000007459e31f8,0x000000074ff80000)
 Metaspace       used 76781K, capacity 82156K, committed 82472K, reserved 1120256K
  class space    used 9800K, capacity 10706K, committed 10792K, reserved 1048576K
}
Event: 2362.404 GC heap before
{Heap before GC invocations=48 (full 12):
 PSYoungGen      total 599552K, used 562232K [0x0000000795580000, 0x00000007c0000000, 0x00000007c0000000)
  eden space 509952K, 100% used [0x0000000795580000,0x00000007b4780000,0x00000007b4780000)
  from space 89600K, 58% used [0x00000007b4780000,0x00000007b7a8e050,0x00000007b9f00000)
  to   space 90112K, 0% used [0x00000007ba800000,0x00000007ba800000,0x00000007c0000000)
 ParOldGen       total 261632K, used 92044K [0x0000000740000000, 0x000000074ff80000, 0x0000000795580000)
  object space 261632K, 35% used [0x0000000740000000,0x00000007459e31f8,0x000000074ff80000)
 Metaspace       used 76802K, capacity 82220K, committed 82472K, reserved 1120256K
  class space    used 9800K, capacity 10706K, committed 10792K, reserved 1048576K
Event: 2362.678 GC heap after
Heap after GC invocations=48 (full 12):
 PSYoungGen      total 602624K, used 59859K [0x0000000795580000, 0x00000007c0000000, 0x00000007c0000000)
  eden space 512512K, 0% used [0x0000000795580000,0x0000000795580000,0x00000007b4a00000)
  from space 90112K, 66% used [0x00000007ba800000,0x00000007be274c80,0x00000007c0000000)
  to   space 93184K, 0% used [0x00000007b4a00000,0x00000007b4a00000,0x00000007ba500000)
 ParOldGen       total 261632K, used 127695K [0x0000000740000000, 0x000000074ff80000, 0x0000000795580000)
  object space 261632K, 48% used [0x0000000740000000,0x0000000747cb3fa0,0x000000074ff80000)
 Metaspace       used 76802K, capacity 82220K, committed 82472K, reserved 1120256K
  class space    used 9800K, capacity 10706K, committed 10792K, reserved 1048576K
}
Event: 2363.981 GC heap before
{Heap before GC invocations=49 (full 12):
 PSYoungGen      total 602624K, used 572371K [0x0000000795580000, 0x00000007c0000000, 0x00000007c0000000)
  eden space 512512K, 100% used [0x0000000795580000,0x00000007b4a00000,0x00000007b4a00000)
  from space 90112K, 66% used [0x00000007ba800000,0x00000007be274c80,0x00000007c0000000)
  to   space 93184K, 0% used [0x00000007b4a00000,0x00000007b4a00000,0x00000007ba500000)
 ParOldGen       total 261632K, used 127695K [0x0000000740000000, 0x000000074ff80000, 0x0000000795580000)
  object space 261632K, 48% used [0x0000000740000000,0x0000000747cb3fa0,0x000000074ff80000)
 Metaspace       used 76806K, capacity 82284K, committed 82472K, reserved 1120256K
  class space    used 9800K, capacity 10706K, committed 10792K, reserved 1048576K
Event: 2364.351 GC heap after
Heap after GC invocations=49 (full 12):
 PSYoungGen      total 583168K, used 70579K [0x0000000795580000, 0x00000007c0000000, 0x00000007c0000000)
  eden space 512512K, 0% used [0x0000000795580000,0x0000000795580000,0x00000007b4a00000)
  from space 70656K, 99% used [0x00000007b4a00000,0x00000007b8eecd00,0x00000007b8f00000)
  to   space 98816K, 0% used [0x00000007b9f80000,0x00000007b9f80000,0x00000007c0000000)
 ParOldGen       total 261632K, used 172390K [0x0000000740000000, 0x000000074ff80000, 0x0000000795580000)
  object space 261632K, 65% used [0x0000000740000000,0x000000074a859a40,0x000000074ff80000)
 Metaspace       used 76806K, capacity 82284K, committed 82472K, reserved 1120256K
  class space    used 9800K, capacity 10706K, committed 10792K, reserved 1048576K
}
Event: 2365.697 GC heap before
{Heap before GC invocations=50 (full 12):
 PSYoungGen      total 583168K, used 583091K [0x0000000795580000, 0x00000007c0000000, 0x00000007c0000000)
  eden space 512512K, 100% used [0x0000000795580000,0x00000007b4a00000,0x00000007b4a00000)
  from space 70656K, 99% used [0x00000007b4a00000,0x00000007b8eecd00,0x00000007b8f00000)
  to   space 98816K, 0% used [0x00000007b9f80000,0x00000007b9f80000,0x00000007c0000000)
 ParOldGen       total 261632K, used 172390K [0x0000000740000000, 0x000000074ff80000, 0x0000000795580000)
  object space 261632K, 65% used [0x0000000740000000,0x000000074a859a40,0x000000074ff80000)
 Metaspace       used 76815K, capacity 82284K, committed 82472K, reserved 1120256K
  class space    used 9800K, capacity 10706K, committed 10792K, reserved 1048576K

